<?xml version="1.0" encoding="UTF-8"?>
<!-- Generated by org.testng.reporters.JUnitReportReporter -->
<testsuite hostname="varsity-tech-5" failures="0" tests="1" name="testCases.TC_002PimTest" time="23.494" errors="0" timestamp="2025-07-24T11:58:32 IST" skipped="0">
  <testcase classname="testCases.TC_002PimTest" name="PIMTest" time="23.494"/>
</testsuite> <!-- testCases.TC_002PimTest -->
