<?xml version="1.0" encoding="UTF-8"?>
<!-- Generated by org.testng.reporters.JUnitReportReporter -->
<testsuite hostname="varsity-tech-5" failures="0" tests="1" name="testCases.Sample" time="14.113" errors="0" timestamp="2025-07-22T07:25:25 IST" skipped="0">
  <testcase classname="testCases.Sample" name="OHRM" time="14.113"/>
</testsuite> <!-- testCases.Sample -->
