<?xml version="1.0" encoding="UTF-8"?>
<!-- Generated by org.testng.reporters.JUnitReportReporter -->
<testsuite hostname="varsity-tech-5" failures="0" tests="1" name="testCases.TC_001LoginTest" time="12.551" errors="0" timestamp="2025-07-20T09:36:08 IST" skipped="0">
  <testcase classname="testCases.TC_001LoginTest" name="OHRM_loginpage" time="12.551"/>
</testsuite> <!-- testCases.TC_001LoginTest -->
