<?xml version="1.0" encoding="UTF-8"?>
<!-- Generated by org.testng.reporters.JUnitReportReporter -->
<testsuite hostname="varsity-tech-5" failures="0" tests="1" name="testCases.TC_002PimTest" time="21.069" errors="0" timestamp="2025-08-11T15:07:15 IST" skipped="0">
  <testcase classname="testCases.TC_002PimTest" name="PIMTest" time="21.069"/>
</testsuite> <!-- testCases.TC_002PimTest -->
