<?xml version="1.0" encoding="UTF-8"?>
<!-- Generated by org.testng.reporters.JUnitReportReporter -->
<testsuite hostname="varsity-tech-5" failures="0" tests="1" name="testCases.TC_001LoginTest" time="8.668" errors="0" timestamp="2025-07-22T11:09:07 IST" skipped="0">
  <testcase classname="testCases.TC_001LoginTest" name="OHRM_loginpage" time="8.668"/>
</testsuite> <!-- testCases.TC_001LoginTest -->
