<?xml version="1.0" encoding="UTF-8"?>
<!-- Generated by org.testng.reporters.JUnitReportReporter -->
<testsuite hostname="varsity-tech-5" failures="0" tests="1" name="testCases.TC_001LoginTest" time="10.241" errors="0" timestamp="2025-07-19T13:58:27 IST" skipped="0">
  <testcase classname="testCases.TC_001LoginTest" name="OHRM_loginpage" time="10.241"/>
</testsuite> <!-- testCases.TC_001LoginTest -->
