<?xml version="1.0" encoding="UTF-8"?>
<!-- Generated by org.testng.reporters.JUnitReportReporter -->
<testsuite hostname="varsity-tech-5" failures="0" tests="1" name="testCases.TC_001LoginTest" time="9.121" errors="0" timestamp="2025-09-10T17:23:12 IST" skipped="0">
  <testcase classname="testCases.TC_001LoginTest" name="OHRM_loginpage" time="9.121"/>
</testsuite> <!-- testCases.TC_001LoginTest -->
