<?xml version="1.0" encoding="UTF-8"?>
<!-- Generated by org.testng.reporters.JUnitReportReporter -->
<testsuite hostname="varsity-tech-5" failures="0" tests="1" name="testCases.TC_002PimTest" time="24.293" errors="0" timestamp="2025-08-04T17:42:17 IST" skipped="0">
  <testcase classname="testCases.TC_002PimTest" name="PIMTest" time="24.293"/>
</testsuite> <!-- testCases.TC_002PimTest -->
